# JRE version: OpenJDK Runtime Environment (10.0+44) (build 10+44)
# Java VM: OpenJDK 64-Bit Server VM (10+44, mixed mode, tiered, compressed oops, g1 gc, windows-amd64)
Heap:
 garbage-first heap   total 275456K, used 87593K [0x00000006e1e00000, 0x00000007c0000000)
  region size 1024K, 51 young (52224K), 19 survivors (19456K)
 Metaspace       used 83859K, capacity 84987K, committed 85376K, reserved 1126400K
  class space    used 8846K, capacity 9218K, committed 9344K, reserved 1048576K
GC Heap History (10 events):
Event: 20.273 GC heap before
{Heap before GC invocations=18 (full 0):
 garbage-first heap   total 275456K, used 120228K [0x00000006e1e00000, 0x00000007c0000000)
  region size 1024K, 89 young (91136K), 12 survivors (12288K)
 Metaspace       used 58912K, capacity 59654K, committed 60160K, reserved 1101824K
  class space    used 6642K, capacity 6883K, committed 6912K, reserved 1048576K
}
Event: 20.275 GC heap after
{Heap after GC invocations=19 (full 0):
 garbage-first heap   total 275456K, used 32973K [0x00000006e1e00000, 0x00000007c0000000)
  region size 1024K, 3 young (3072K), 3 survivors (3072K)
 Metaspace       used 58912K, capacity 59654K, committed 60160K, reserved 1101824K
  class space    used 6642K, capacity 6883K, committed 6912K, reserved 1048576K
}
Event: 23.159 GC heap before
{Heap before GC invocations=20 (full 0):
 garbage-first heap   total 275456K, used 194765K [0x00000006e1e00000, 0x00000007c0000000)
  region size 1024K, 161 young (164864K), 3 survivors (3072K)
 Metaspace       used 62810K, capacity 63717K, committed 64000K, reserved 1105920K
  class space    used 7130K, capacity 7390K, committed 7424K, reserved 1048576K
}
Event: 23.166 GC heap after
{Heap after GC invocations=21 (full 0):
 garbage-first heap   total 275456K, used 37240K [0x00000006e1e00000, 0x00000007c0000000)
  region size 1024K, 7 young (7168K), 7 survivors (7168K)
 Metaspace       used 62810K, capacity 63717K, committed 64000K, reserved 1105920K
  class space    used 7130K, capacity 7390K, committed 7424K, reserved 1048576K
}
Event: 26.006 GC heap before
{Heap before GC invocations=21 (full 0):
 garbage-first heap   total 275456K, used 194936K [0x00000006e1e00000, 0x00000007c0000000)
  region size 1024K, 161 young (164864K), 7 survivors (7168K)
 Metaspace       used 67164K, capacity 68201K, committed 68352K, reserved 1110016K
  class space    used 7566K, capacity 7902K, committed 7936K, reserved 1048576K
}
Event: 26.016 GC heap after
{Heap after GC invocations=22 (full 0):
 garbage-first heap   total 275456K, used 41317K [0x00000006e1e00000, 0x00000007c0000000)
  region size 1024K, 11 young (11264K), 11 survivors (11264K)
 Metaspace       used 67164K, capacity 68201K, committed 68352K, reserved 1110016K
  class space    used 7566K, capacity 7902K, committed 7936K, reserved 1048576K
}
Event: 28.257 GC heap before
{Heap before GC invocations=22 (full 0):
 garbage-first heap   total 275456K, used 205157K [0x00000006e1e00000, 0x00000007c0000000)
  region size 1024K, 161 young (164864K), 11 survivors (11264K)
 Metaspace       used 73639K, capacity 74730K, committed 75008K, reserved 1116160K
  class space    used 8281K, capacity 8623K, committed 8704K, reserved 1048576K
}
Event: 28.268 GC heap after
{Heap after GC invocations=23 (full 0):
 garbage-first heap   total 275456K, used 45768K [0x00000006e1e00000, 0x00000007c0000000)
  region size 1024K, 15 young (15360K), 15 survivors (15360K)
 Metaspace       used 73639K, capacity 74730K, committed 75008K, reserved 1116160K
  class space    used 8281K, capacity 8623K, committed 8704K, reserved 1048576K
}
Event: 30.846 GC heap before
{Heap before GC invocations=23 (full 0):
 garbage-first heap   total 275456K, used 195272K [0x00000006e1e00000, 0x00000007c0000000)
  region size 1024K, 161 young (164864K), 15 survivors (15360K)
 Metaspace       used 82032K, capacity 83120K, committed 83456K, reserved 1124352K
  class space    used 8790K, capacity 9151K, committed 9216K, reserved 1048576K
}
Event: 30.873 GC heap after
{Heap after GC invocations=24 (full 0):
 garbage-first heap   total 275456K, used 55849K [0x00000006e1e00000, 0x00000007c0000000)
  region size 1024K, 19 young (19456K), 19 survivors (19456K)
 Metaspace       used 82032K, capacity 83120K, committed 83456K, reserved 1124352K
  class space    used 8790K, capacity 9151K, committed 9216K, reserved 1048576K
}

