# JRE version: OpenJDK Runtime Environment (10.0+44) (build 10+44)
# Java VM: OpenJDK 64-Bit Server VM (10+44, mixed mode, tiered, compressed oops, g1 gc, windows-amd64)
Heap:
 garbage-first heap   total 275456K, used 96353K [0x00000006e1e00000, 0x00000007c0000000)
  region size 1024K, 52 young (53248K), 20 survivors (20480K)
 Metaspace       used 90503K, capacity 91760K, committed 92032K, reserved 1130496K
  class space    used 9577K, capacity 10021K, committed 10112K, reserved 1048576K
GC Heap History (10 events):
Event: 22.897 GC heap before
{Heap before GC invocations=20 (full 0):
 garbage-first heap   total 275456K, used 194085K [0x00000006e1e00000, 0x00000007c0000000)
  region size 1024K, 161 young (164864K), 4 survivors (4096K)
 Metaspace       used 62757K, capacity 63580K, committed 64000K, reserved 1105920K
  class space    used 7127K, capacity 7387K, committed 7424K, reserved 1048576K
}
Event: 22.904 GC heap after
{Heap after GC invocations=21 (full 0):
 garbage-first heap   total 275456K, used 36651K [0x00000006e1e00000, 0x00000007c0000000)
  region size 1024K, 7 young (7168K), 7 survivors (7168K)
 Metaspace       used 62757K, capacity 63580K, committed 64000K, reserved 1105920K
  class space    used 7127K, capacity 7387K, committed 7424K, reserved 1048576K
}
Event: 26.011 GC heap before
{Heap before GC invocations=21 (full 0):
 garbage-first heap   total 275456K, used 194347K [0x00000006e1e00000, 0x00000007c0000000)
  region size 1024K, 161 young (164864K), 7 survivors (7168K)
 Metaspace       used 67126K, capacity 68136K, committed 68352K, reserved 1110016K
  class space    used 7563K, capacity 7902K, committed 7936K, reserved 1048576K
}
Event: 26.022 GC heap after
{Heap after GC invocations=22 (full 0):
 garbage-first heap   total 275456K, used 40384K [0x00000006e1e00000, 0x00000007c0000000)
  region size 1024K, 11 young (11264K), 11 survivors (11264K)
 Metaspace       used 67126K, capacity 68136K, committed 68352K, reserved 1110016K
  class space    used 7563K, capacity 7902K, committed 7936K, reserved 1048576K
}
Event: 28.432 GC heap before
{Heap before GC invocations=22 (full 0):
 garbage-first heap   total 275456K, used 204224K [0x00000006e1e00000, 0x00000007c0000000)
  region size 1024K, 161 young (164864K), 11 survivors (11264K)
 Metaspace       used 73602K, capacity 74665K, committed 75008K, reserved 1116160K
  class space    used 8275K, capacity 8623K, committed 8704K, reserved 1048576K
}
Event: 28.445 GC heap after
{Heap after GC invocations=23 (full 0):
 garbage-first heap   total 275456K, used 45082K [0x00000006e1e00000, 0x00000007c0000000)
  region size 1024K, 15 young (15360K), 15 survivors (15360K)
 Metaspace       used 73602K, capacity 74665K, committed 75008K, reserved 1116160K
  class space    used 8275K, capacity 8623K, committed 8704K, reserved 1048576K
}
Event: 31.089 GC heap before
{Heap before GC invocations=23 (full 0):
 garbage-first heap   total 275456K, used 194586K [0x00000006e1e00000, 0x00000007c0000000)
  region size 1024K, 161 young (164864K), 15 survivors (15360K)
 Metaspace       used 82270K, capacity 83292K, committed 83584K, reserved 1124352K
  class space    used 8955K, capacity 9315K, committed 9344K, reserved 1048576K
}
Event: 31.112 GC heap after
{Heap after GC invocations=24 (full 0):
 garbage-first heap   total 275456K, used 54085K [0x00000006e1e00000, 0x00000007c0000000)
  region size 1024K, 18 young (18432K), 18 survivors (18432K)
 Metaspace       used 82270K, capacity 83292K, committed 83584K, reserved 1124352K
  class space    used 8955K, capacity 9315K, committed 9344K, reserved 1048576K
}
Event: 93.312 GC heap before
{Heap before GC invocations=24 (full 0):
 garbage-first heap   total 275456K, used 200517K [0x00000006e1e00000, 0x00000007c0000000)
  region size 1024K, 161 young (164864K), 18 survivors (18432K)
 Metaspace       used 90048K, capacity 91306K, committed 91776K, reserved 1130496K
  class space    used 9568K, capacity 10009K, committed 10112K, reserved 1048576K
}
Event: 93.340 GC heap after
{Heap after GC invocations=25 (full 0):
 garbage-first heap   total 275456K, used 64609K [0x00000006e1e00000, 0x00000007c0000000)
  region size 1024K, 20 young (20480K), 20 survivors (20480K)
 Metaspace       used 90048K, capacity 91306K, committed 91776K, reserved 1130496K
  class space    used 9568K, capacity 10009K, committed 10112K, reserved 1048576K
}

